<?xml version="1.0" encoding="UTF-8"?>
<testsuite xmlns:xsi="http://www.w3.org/2001/XMLSchema-instance" xsi:noNamespaceSchemaLocation="https://maven.apache.org/surefire/maven-surefire-plugin/xsd/surefire-test-report.xsd" name="com.gx.admin.Junit5Test" time="0.002" tests="14" errors="1" skipped="1" failures="3">
  <properties>
    <property name="sun.desktop" value="windows"/>
    <property name="awt.toolkit" value="sun.awt.windows.WToolkit"/>
    <property name="file.encoding.pkg" value="sun.io"/>
    <property name="java.specification.version" value="1.8"/>
    <property name="sun.cpu.isalist" value="amd64"/>
    <property name="sun.jnu.encoding" value="GBK"/>
    <property name="java.class.path" value="H:\codes\java\springboot\boot-03-web-admin\target\test-classes;H:\codes\java\springboot\boot-03-web-admin\target\classes;C:\Users\24164\.m2\repository\org\springframework\boot\spring-boot-starter-thymeleaf\2.7.1\spring-boot-starter-thymeleaf-2.7.1.jar;C:\Users\24164\.m2\repository\org\springframework\boot\spring-boot-starter\2.7.1\spring-boot-starter-2.7.1.jar;C:\Users\24164\.m2\repository\org\springframework\boot\spring-boot-starter-logging\2.7.1\spring-boot-starter-logging-2.7.1.jar;C:\Users\24164\.m2\repository\ch\qos\logback\logback-classic\1.2.11\logback-classic-1.2.11.jar;C:\Users\24164\.m2\repository\ch\qos\logback\logback-core\1.2.11\logback-core-1.2.11.jar;C:\Users\24164\.m2\repository\org\apache\logging\log4j\log4j-to-slf4j\2.17.2\log4j-to-slf4j-2.17.2.jar;C:\Users\24164\.m2\repository\org\apache\logging\log4j\log4j-api\2.17.2\log4j-api-2.17.2.jar;C:\Users\24164\.m2\repository\org\slf4j\jul-to-slf4j\1.7.36\jul-to-slf4j-1.7.36.jar;C:\Users\24164\.m2\repository\jakarta\annotation\jakarta.annotation-api\1.3.5\jakarta.annotation-api-1.3.5.jar;C:\Users\24164\.m2\repository\org\yaml\snakeyaml\1.30\snakeyaml-1.30.jar;C:\Users\24164\.m2\repository\org\thymeleaf\thymeleaf-spring5\3.0.15.RELEASE\thymeleaf-spring5-3.0.15.RELEASE.jar;C:\Users\24164\.m2\repository\org\thymeleaf\thymeleaf\3.0.15.RELEASE\thymeleaf-3.0.15.RELEASE.jar;C:\Users\24164\.m2\repository\org\attoparser\attoparser\2.0.5.RELEASE\attoparser-2.0.5.RELEASE.jar;C:\Users\24164\.m2\repository\org\unbescape\unbescape\1.1.6.RELEASE\unbescape-1.1.6.RELEASE.jar;C:\Users\24164\.m2\repository\org\thymeleaf\extras\thymeleaf-extras-java8time\3.0.4.RELEASE\thymeleaf-extras-java8time-3.0.4.RELEASE.jar;C:\Users\24164\.m2\repository\org\springframework\boot\spring-boot-starter-web\2.7.1\spring-boot-starter-web-2.7.1.jar;C:\Users\24164\.m2\repository\org\springframework\boot\spring-boot-starter-json\2.7.1\spring-boot-starter-json-2.7.1.jar;C:\Users\24164\.m2\repository\com\fasterxml\jackson\core\jackson-databind\2.13.3\jackson-databind-2.13.3.jar;C:\Users\24164\.m2\repository\com\fasterxml\jackson\core\jackson-annotations\2.13.3\jackson-annotations-2.13.3.jar;C:\Users\24164\.m2\repository\com\fasterxml\jackson\core\jackson-core\2.13.3\jackson-core-2.13.3.jar;C:\Users\24164\.m2\repository\com\fasterxml\jackson\datatype\jackson-datatype-jdk8\2.13.3\jackson-datatype-jdk8-2.13.3.jar;C:\Users\24164\.m2\repository\com\fasterxml\jackson\datatype\jackson-datatype-jsr310\2.13.3\jackson-datatype-jsr310-2.13.3.jar;C:\Users\24164\.m2\repository\com\fasterxml\jackson\module\jackson-module-parameter-names\2.13.3\jackson-module-parameter-names-2.13.3.jar;C:\Users\24164\.m2\repository\org\springframework\spring-web\5.3.21\spring-web-5.3.21.jar;C:\Users\24164\.m2\repository\org\springframework\spring-beans\5.3.21\spring-beans-5.3.21.jar;C:\Users\24164\.m2\repository\org\springframework\spring-webmvc\5.3.21\spring-webmvc-5.3.21.jar;C:\Users\24164\.m2\repository\org\springframework\spring-aop\5.3.21\spring-aop-5.3.21.jar;C:\Users\24164\.m2\repository\org\springframework\spring-context\5.3.21\spring-context-5.3.21.jar;C:\Users\24164\.m2\repository\org\springframework\spring-expression\5.3.21\spring-expression-5.3.21.jar;C:\Users\24164\.m2\repository\org\springframework\boot\spring-boot-starter-undertow\2.7.1\spring-boot-starter-undertow-2.7.1.jar;C:\Users\24164\.m2\repository\io\undertow\undertow-core\2.2.18.Final\undertow-core-2.2.18.Final.jar;C:\Users\24164\.m2\repository\org\jboss\logging\jboss-logging\3.4.3.Final\jboss-logging-3.4.3.Final.jar;C:\Users\24164\.m2\repository\org\jboss\xnio\xnio-api\3.8.7.Final\xnio-api-3.8.7.Final.jar;C:\Users\24164\.m2\repository\org\wildfly\common\wildfly-common\1.5.4.Final\wildfly-common-1.5.4.Final.jar;C:\Users\24164\.m2\repository\org\wildfly\client\wildfly-client-config\1.0.1.Final\wildfly-client-config-1.0.1.Final.jar;C:\Users\24164\.m2\repository\org\jboss\xnio\xnio-nio\3.8.7.Final\xnio-nio-3.8.7.Final.jar;C:\Users\24164\.m2\repository\org\jboss\threads\jboss-threads\3.1.0.Final\jboss-threads-3.1.0.Final.jar;C:\Users\24164\.m2\repository\io\undertow\undertow-servlet\2.2.18.Final\undertow-servlet-2.2.18.Final.jar;C:\Users\24164\.m2\repository\io\undertow\undertow-websockets-jsr\2.2.18.Final\undertow-websockets-jsr-2.2.18.Final.jar;C:\Users\24164\.m2\repository\jakarta\servlet\jakarta.servlet-api\4.0.4\jakarta.servlet-api-4.0.4.jar;C:\Users\24164\.m2\repository\jakarta\websocket\jakarta.websocket-api\1.1.2\jakarta.websocket-api-1.1.2.jar;C:\Users\24164\.m2\repository\org\apache\tomcat\embed\tomcat-embed-el\9.0.64\tomcat-embed-el-9.0.64.jar;C:\Users\24164\.m2\repository\redis\clients\jedis\3.8.0\jedis-3.8.0.jar;C:\Users\24164\.m2\repository\org\slf4j\slf4j-api\1.7.36\slf4j-api-1.7.36.jar;C:\Users\24164\.m2\repository\org\apache\commons\commons-pool2\2.11.1\commons-pool2-2.11.1.jar;C:\Users\24164\.m2\repository\mysql\mysql-connector-java\5.1.49\mysql-connector-java-5.1.49.jar;C:\Users\24164\.m2\repository\org\springframework\boot\spring-boot-devtools\2.7.1\spring-boot-devtools-2.7.1.jar;C:\Users\24164\.m2\repository\org\springframework\boot\spring-boot\2.7.1\spring-boot-2.7.1.jar;C:\Users\24164\.m2\repository\org\springframework\boot\spring-boot-autoconfigure\2.7.1\spring-boot-autoconfigure-2.7.1.jar;C:\Users\24164\.m2\repository\org\springframework\boot\spring-boot-configuration-processor\2.7.1\spring-boot-configuration-processor-2.7.1.jar;C:\Users\24164\.m2\repository\org\projectlombok\lombok\1.18.24\lombok-1.18.24.jar;C:\Users\24164\.m2\repository\org\springframework\boot\spring-boot-starter-test\2.7.1\spring-boot-starter-test-2.7.1.jar;C:\Users\24164\.m2\repository\org\springframework\boot\spring-boot-test\2.7.1\spring-boot-test-2.7.1.jar;C:\Users\24164\.m2\repository\org\springframework\boot\spring-boot-test-autoconfigure\2.7.1\spring-boot-test-autoconfigure-2.7.1.jar;C:\Users\24164\.m2\repository\com\jayway\jsonpath\json-path\2.7.0\json-path-2.7.0.jar;C:\Users\24164\.m2\repository\net\minidev\json-smart\2.4.8\json-smart-2.4.8.jar;C:\Users\24164\.m2\repository\net\minidev\accessors-smart\2.4.8\accessors-smart-2.4.8.jar;C:\Users\24164\.m2\repository\org\ow2\asm\asm\9.1\asm-9.1.jar;C:\Users\24164\.m2\repository\jakarta\xml\bind\jakarta.xml.bind-api\2.3.3\jakarta.xml.bind-api-2.3.3.jar;C:\Users\24164\.m2\repository\jakarta\activation\jakarta.activation-api\1.2.2\jakarta.activation-api-1.2.2.jar;C:\Users\24164\.m2\repository\org\assertj\assertj-core\3.22.0\assertj-core-3.22.0.jar;C:\Users\24164\.m2\repository\org\hamcrest\hamcrest\2.2\hamcrest-2.2.jar;C:\Users\24164\.m2\repository\org\junit\jupiter\junit-jupiter\5.8.2\junit-jupiter-5.8.2.jar;C:\Users\24164\.m2\repository\org\junit\jupiter\junit-jupiter-api\5.8.2\junit-jupiter-api-5.8.2.jar;C:\Users\24164\.m2\repository\org\opentest4j\opentest4j\1.2.0\opentest4j-1.2.0.jar;C:\Users\24164\.m2\repository\org\junit\platform\junit-platform-commons\1.8.2\junit-platform-commons-1.8.2.jar;C:\Users\24164\.m2\repository\org\apiguardian\apiguardian-api\1.1.2\apiguardian-api-1.1.2.jar;C:\Users\24164\.m2\repository\org\junit\jupiter\junit-jupiter-params\5.8.2\junit-jupiter-params-5.8.2.jar;C:\Users\24164\.m2\repository\org\junit\jupiter\junit-jupiter-engine\5.8.2\junit-jupiter-engine-5.8.2.jar;C:\Users\24164\.m2\repository\org\junit\platform\junit-platform-engine\1.8.2\junit-platform-engine-1.8.2.jar;C:\Users\24164\.m2\repository\org\mockito\mockito-core\4.5.1\mockito-core-4.5.1.jar;C:\Users\24164\.m2\repository\net\bytebuddy\byte-buddy\1.12.11\byte-buddy-1.12.11.jar;C:\Users\24164\.m2\repository\net\bytebuddy\byte-buddy-agent\1.12.11\byte-buddy-agent-1.12.11.jar;C:\Users\24164\.m2\repository\org\objenesis\objenesis\3.2\objenesis-3.2.jar;C:\Users\24164\.m2\repository\org\mockito\mockito-junit-jupiter\4.5.1\mockito-junit-jupiter-4.5.1.jar;C:\Users\24164\.m2\repository\org\skyscreamer\jsonassert\1.5.0\jsonassert-1.5.0.jar;C:\Users\24164\.m2\repository\com\vaadin\external\google\android-json\0.0.20131108.vaadin1\android-json-0.0.20131108.vaadin1.jar;C:\Users\24164\.m2\repository\org\springframework\spring-core\5.3.21\spring-core-5.3.21.jar;C:\Users\24164\.m2\repository\org\springframework\spring-jcl\5.3.21\spring-jcl-5.3.21.jar;C:\Users\24164\.m2\repository\org\springframework\spring-test\5.3.21\spring-test-5.3.21.jar;C:\Users\24164\.m2\repository\org\xmlunit\xmlunit-core\2.9.0\xmlunit-core-2.9.0.jar;C:\Users\24164\.m2\repository\com\baomidou\mybatis-plus-boot-starter\3.4.1\mybatis-plus-boot-starter-3.4.1.jar;C:\Users\24164\.m2\repository\com\baomidou\mybatis-plus\3.4.1\mybatis-plus-3.4.1.jar;C:\Users\24164\.m2\repository\com\baomidou\mybatis-plus-extension\3.4.1\mybatis-plus-extension-3.4.1.jar;C:\Users\24164\.m2\repository\com\baomidou\mybatis-plus-core\3.4.1\mybatis-plus-core-3.4.1.jar;C:\Users\24164\.m2\repository\com\baomidou\mybatis-plus-annotation\3.4.1\mybatis-plus-annotation-3.4.1.jar;C:\Users\24164\.m2\repository\com\github\jsqlparser\jsqlparser\3.2\jsqlparser-3.2.jar;C:\Users\24164\.m2\repository\org\mybatis\mybatis\3.5.6\mybatis-3.5.6.jar;C:\Users\24164\.m2\repository\org\mybatis\mybatis-spring\2.0.5\mybatis-spring-2.0.5.jar;C:\Users\24164\.m2\repository\org\springframework\boot\spring-boot-starter-jdbc\2.7.1\spring-boot-starter-jdbc-2.7.1.jar;C:\Users\24164\.m2\repository\com\zaxxer\HikariCP\4.0.3\HikariCP-4.0.3.jar;C:\Users\24164\.m2\repository\org\springframework\spring-jdbc\5.3.21\spring-jdbc-5.3.21.jar;C:\Users\24164\.m2\repository\com\alibaba\druid-spring-boot-starter\1.1.17\druid-spring-boot-starter-1.1.17.jar;C:\Users\24164\.m2\repository\com\alibaba\druid\1.1.17\druid-1.1.17.jar;C:\Users\24164\.m2\repository\org\springframework\boot\spring-boot-starter-actuator\2.7.1\spring-boot-starter-actuator-2.7.1.jar;C:\Users\24164\.m2\repository\org\springframework\boot\spring-boot-actuator-autoconfigure\2.7.1\spring-boot-actuator-autoconfigure-2.7.1.jar;C:\Users\24164\.m2\repository\org\springframework\boot\spring-boot-actuator\2.7.1\spring-boot-actuator-2.7.1.jar;C:\Users\24164\.m2\repository\io\micrometer\micrometer-core\1.9.1\micrometer-core-1.9.1.jar;C:\Users\24164\.m2\repository\org\hdrhistogram\HdrHistogram\2.1.12\HdrHistogram-2.1.12.jar;C:\Users\24164\.m2\repository\org\latencyutils\LatencyUtils\2.0.3\LatencyUtils-2.0.3.jar;C:\Users\24164\.m2\repository\de\codecentric\spring-boot-admin-starter-client\2.3.1\spring-boot-admin-starter-client-2.3.1.jar;C:\Users\24164\.m2\repository\de\codecentric\spring-boot-admin-client\2.3.1\spring-boot-admin-client-2.3.1.jar;C:\Users\24164\.m2\repository\org\springframework\boot\spring-boot-starter-data-redis\2.7.1\spring-boot-starter-data-redis-2.7.1.jar;C:\Users\24164\.m2\repository\org\springframework\data\spring-data-redis\2.7.1\spring-data-redis-2.7.1.jar;C:\Users\24164\.m2\repository\org\springframework\data\spring-data-keyvalue\2.7.1\spring-data-keyvalue-2.7.1.jar;C:\Users\24164\.m2\repository\org\springframework\data\spring-data-commons\2.7.1\spring-data-commons-2.7.1.jar;C:\Users\24164\.m2\repository\org\springframework\spring-tx\5.3.21\spring-tx-5.3.21.jar;C:\Users\24164\.m2\repository\org\springframework\spring-oxm\5.3.21\spring-oxm-5.3.21.jar;C:\Users\24164\.m2\repository\org\springframework\spring-context-support\5.3.21\spring-context-support-5.3.21.jar;C:\Users\24164\.m2\repository\io\lettuce\lettuce-core\6.1.8.RELEASE\lettuce-core-6.1.8.RELEASE.jar;C:\Users\24164\.m2\repository\io\netty\netty-common\4.1.78.Final\netty-common-4.1.78.Final.jar;C:\Users\24164\.m2\repository\io\netty\netty-handler\4.1.78.Final\netty-handler-4.1.78.Final.jar;C:\Users\24164\.m2\repository\io\netty\netty-resolver\4.1.78.Final\netty-resolver-4.1.78.Final.jar;C:\Users\24164\.m2\repository\io\netty\netty-buffer\4.1.78.Final\netty-buffer-4.1.78.Final.jar;C:\Users\24164\.m2\repository\io\netty\netty-transport-native-unix-common\4.1.78.Final\netty-transport-native-unix-common-4.1.78.Final.jar;C:\Users\24164\.m2\repository\io\netty\netty-codec\4.1.78.Final\netty-codec-4.1.78.Final.jar;C:\Users\24164\.m2\repository\io\netty\netty-transport\4.1.78.Final\netty-transport-4.1.78.Final.jar;C:\Users\24164\.m2\repository\io\projectreactor\reactor-core\3.4.19\reactor-core-3.4.19.jar;C:\Users\24164\.m2\repository\org\reactivestreams\reactive-streams\1.0.4\reactive-streams-1.0.4.jar;"/>
    <property name="java.vm.vendor" value="Oracle Corporation"/>
    <property name="sun.arch.data.model" value="64"/>
    <property name="user.variant" value=""/>
    <property name="java.vendor.url" value="http://java.oracle.com/"/>
    <property name="user.timezone" value="Asia/Shanghai"/>
    <property name="java.vm.specification.version" value="1.8"/>
    <property name="os.name" value="Windows 10"/>
    <property name="user.country" value="CN"/>
    <property name="sun.java.launcher" value="SUN_STANDARD"/>
    <property name="sun.boot.library.path" value="D:\JDK\jre\bin"/>
    <property name="sun.java.command" value="C:\Users\24164\AppData\Local\Temp\surefire585361144019380192\surefirebooter8717169634066788112.jar C:\Users\24164\AppData\Local\Temp\surefire585361144019380192 2022-07-20T10-32-07_224-jvmRun1 surefire7203047179812437640tmp surefire_08353006592563629112tmp"/>
    <property name="surefire.test.class.path" value="H:\codes\java\springboot\boot-03-web-admin\target\test-classes;H:\codes\java\springboot\boot-03-web-admin\target\classes;C:\Users\24164\.m2\repository\org\springframework\boot\spring-boot-starter-thymeleaf\2.7.1\spring-boot-starter-thymeleaf-2.7.1.jar;C:\Users\24164\.m2\repository\org\springframework\boot\spring-boot-starter\2.7.1\spring-boot-starter-2.7.1.jar;C:\Users\24164\.m2\repository\org\springframework\boot\spring-boot-starter-logging\2.7.1\spring-boot-starter-logging-2.7.1.jar;C:\Users\24164\.m2\repository\ch\qos\logback\logback-classic\1.2.11\logback-classic-1.2.11.jar;C:\Users\24164\.m2\repository\ch\qos\logback\logback-core\1.2.11\logback-core-1.2.11.jar;C:\Users\24164\.m2\repository\org\apache\logging\log4j\log4j-to-slf4j\2.17.2\log4j-to-slf4j-2.17.2.jar;C:\Users\24164\.m2\repository\org\apache\logging\log4j\log4j-api\2.17.2\log4j-api-2.17.2.jar;C:\Users\24164\.m2\repository\org\slf4j\jul-to-slf4j\1.7.36\jul-to-slf4j-1.7.36.jar;C:\Users\24164\.m2\repository\jakarta\annotation\jakarta.annotation-api\1.3.5\jakarta.annotation-api-1.3.5.jar;C:\Users\24164\.m2\repository\org\yaml\snakeyaml\1.30\snakeyaml-1.30.jar;C:\Users\24164\.m2\repository\org\thymeleaf\thymeleaf-spring5\3.0.15.RELEASE\thymeleaf-spring5-3.0.15.RELEASE.jar;C:\Users\24164\.m2\repository\org\thymeleaf\thymeleaf\3.0.15.RELEASE\thymeleaf-3.0.15.RELEASE.jar;C:\Users\24164\.m2\repository\org\attoparser\attoparser\2.0.5.RELEASE\attoparser-2.0.5.RELEASE.jar;C:\Users\24164\.m2\repository\org\unbescape\unbescape\1.1.6.RELEASE\unbescape-1.1.6.RELEASE.jar;C:\Users\24164\.m2\repository\org\thymeleaf\extras\thymeleaf-extras-java8time\3.0.4.RELEASE\thymeleaf-extras-java8time-3.0.4.RELEASE.jar;C:\Users\24164\.m2\repository\org\springframework\boot\spring-boot-starter-web\2.7.1\spring-boot-starter-web-2.7.1.jar;C:\Users\24164\.m2\repository\org\springframework\boot\spring-boot-starter-json\2.7.1\spring-boot-starter-json-2.7.1.jar;C:\Users\24164\.m2\repository\com\fasterxml\jackson\core\jackson-databind\2.13.3\jackson-databind-2.13.3.jar;C:\Users\24164\.m2\repository\com\fasterxml\jackson\core\jackson-annotations\2.13.3\jackson-annotations-2.13.3.jar;C:\Users\24164\.m2\repository\com\fasterxml\jackson\core\jackson-core\2.13.3\jackson-core-2.13.3.jar;C:\Users\24164\.m2\repository\com\fasterxml\jackson\datatype\jackson-datatype-jdk8\2.13.3\jackson-datatype-jdk8-2.13.3.jar;C:\Users\24164\.m2\repository\com\fasterxml\jackson\datatype\jackson-datatype-jsr310\2.13.3\jackson-datatype-jsr310-2.13.3.jar;C:\Users\24164\.m2\repository\com\fasterxml\jackson\module\jackson-module-parameter-names\2.13.3\jackson-module-parameter-names-2.13.3.jar;C:\Users\24164\.m2\repository\org\springframework\spring-web\5.3.21\spring-web-5.3.21.jar;C:\Users\24164\.m2\repository\org\springframework\spring-beans\5.3.21\spring-beans-5.3.21.jar;C:\Users\24164\.m2\repository\org\springframework\spring-webmvc\5.3.21\spring-webmvc-5.3.21.jar;C:\Users\24164\.m2\repository\org\springframework\spring-aop\5.3.21\spring-aop-5.3.21.jar;C:\Users\24164\.m2\repository\org\springframework\spring-context\5.3.21\spring-context-5.3.21.jar;C:\Users\24164\.m2\repository\org\springframework\spring-expression\5.3.21\spring-expression-5.3.21.jar;C:\Users\24164\.m2\repository\org\springframework\boot\spring-boot-starter-undertow\2.7.1\spring-boot-starter-undertow-2.7.1.jar;C:\Users\24164\.m2\repository\io\undertow\undertow-core\2.2.18.Final\undertow-core-2.2.18.Final.jar;C:\Users\24164\.m2\repository\org\jboss\logging\jboss-logging\3.4.3.Final\jboss-logging-3.4.3.Final.jar;C:\Users\24164\.m2\repository\org\jboss\xnio\xnio-api\3.8.7.Final\xnio-api-3.8.7.Final.jar;C:\Users\24164\.m2\repository\org\wildfly\common\wildfly-common\1.5.4.Final\wildfly-common-1.5.4.Final.jar;C:\Users\24164\.m2\repository\org\wildfly\client\wildfly-client-config\1.0.1.Final\wildfly-client-config-1.0.1.Final.jar;C:\Users\24164\.m2\repository\org\jboss\xnio\xnio-nio\3.8.7.Final\xnio-nio-3.8.7.Final.jar;C:\Users\24164\.m2\repository\org\jboss\threads\jboss-threads\3.1.0.Final\jboss-threads-3.1.0.Final.jar;C:\Users\24164\.m2\repository\io\undertow\undertow-servlet\2.2.18.Final\undertow-servlet-2.2.18.Final.jar;C:\Users\24164\.m2\repository\io\undertow\undertow-websockets-jsr\2.2.18.Final\undertow-websockets-jsr-2.2.18.Final.jar;C:\Users\24164\.m2\repository\jakarta\servlet\jakarta.servlet-api\4.0.4\jakarta.servlet-api-4.0.4.jar;C:\Users\24164\.m2\repository\jakarta\websocket\jakarta.websocket-api\1.1.2\jakarta.websocket-api-1.1.2.jar;C:\Users\24164\.m2\repository\org\apache\tomcat\embed\tomcat-embed-el\9.0.64\tomcat-embed-el-9.0.64.jar;C:\Users\24164\.m2\repository\redis\clients\jedis\3.8.0\jedis-3.8.0.jar;C:\Users\24164\.m2\repository\org\slf4j\slf4j-api\1.7.36\slf4j-api-1.7.36.jar;C:\Users\24164\.m2\repository\org\apache\commons\commons-pool2\2.11.1\commons-pool2-2.11.1.jar;C:\Users\24164\.m2\repository\mysql\mysql-connector-java\5.1.49\mysql-connector-java-5.1.49.jar;C:\Users\24164\.m2\repository\org\springframework\boot\spring-boot-devtools\2.7.1\spring-boot-devtools-2.7.1.jar;C:\Users\24164\.m2\repository\org\springframework\boot\spring-boot\2.7.1\spring-boot-2.7.1.jar;C:\Users\24164\.m2\repository\org\springframework\boot\spring-boot-autoconfigure\2.7.1\spring-boot-autoconfigure-2.7.1.jar;C:\Users\24164\.m2\repository\org\springframework\boot\spring-boot-configuration-processor\2.7.1\spring-boot-configuration-processor-2.7.1.jar;C:\Users\24164\.m2\repository\org\projectlombok\lombok\1.18.24\lombok-1.18.24.jar;C:\Users\24164\.m2\repository\org\springframework\boot\spring-boot-starter-test\2.7.1\spring-boot-starter-test-2.7.1.jar;C:\Users\24164\.m2\repository\org\springframework\boot\spring-boot-test\2.7.1\spring-boot-test-2.7.1.jar;C:\Users\24164\.m2\repository\org\springframework\boot\spring-boot-test-autoconfigure\2.7.1\spring-boot-test-autoconfigure-2.7.1.jar;C:\Users\24164\.m2\repository\com\jayway\jsonpath\json-path\2.7.0\json-path-2.7.0.jar;C:\Users\24164\.m2\repository\net\minidev\json-smart\2.4.8\json-smart-2.4.8.jar;C:\Users\24164\.m2\repository\net\minidev\accessors-smart\2.4.8\accessors-smart-2.4.8.jar;C:\Users\24164\.m2\repository\org\ow2\asm\asm\9.1\asm-9.1.jar;C:\Users\24164\.m2\repository\jakarta\xml\bind\jakarta.xml.bind-api\2.3.3\jakarta.xml.bind-api-2.3.3.jar;C:\Users\24164\.m2\repository\jakarta\activation\jakarta.activation-api\1.2.2\jakarta.activation-api-1.2.2.jar;C:\Users\24164\.m2\repository\org\assertj\assertj-core\3.22.0\assertj-core-3.22.0.jar;C:\Users\24164\.m2\repository\org\hamcrest\hamcrest\2.2\hamcrest-2.2.jar;C:\Users\24164\.m2\repository\org\junit\jupiter\junit-jupiter\5.8.2\junit-jupiter-5.8.2.jar;C:\Users\24164\.m2\repository\org\junit\jupiter\junit-jupiter-api\5.8.2\junit-jupiter-api-5.8.2.jar;C:\Users\24164\.m2\repository\org\opentest4j\opentest4j\1.2.0\opentest4j-1.2.0.jar;C:\Users\24164\.m2\repository\org\junit\platform\junit-platform-commons\1.8.2\junit-platform-commons-1.8.2.jar;C:\Users\24164\.m2\repository\org\apiguardian\apiguardian-api\1.1.2\apiguardian-api-1.1.2.jar;C:\Users\24164\.m2\repository\org\junit\jupiter\junit-jupiter-params\5.8.2\junit-jupiter-params-5.8.2.jar;C:\Users\24164\.m2\repository\org\junit\jupiter\junit-jupiter-engine\5.8.2\junit-jupiter-engine-5.8.2.jar;C:\Users\24164\.m2\repository\org\junit\platform\junit-platform-engine\1.8.2\junit-platform-engine-1.8.2.jar;C:\Users\24164\.m2\repository\org\mockito\mockito-core\4.5.1\mockito-core-4.5.1.jar;C:\Users\24164\.m2\repository\net\bytebuddy\byte-buddy\1.12.11\byte-buddy-1.12.11.jar;C:\Users\24164\.m2\repository\net\bytebuddy\byte-buddy-agent\1.12.11\byte-buddy-agent-1.12.11.jar;C:\Users\24164\.m2\repository\org\objenesis\objenesis\3.2\objenesis-3.2.jar;C:\Users\24164\.m2\repository\org\mockito\mockito-junit-jupiter\4.5.1\mockito-junit-jupiter-4.5.1.jar;C:\Users\24164\.m2\repository\org\skyscreamer\jsonassert\1.5.0\jsonassert-1.5.0.jar;C:\Users\24164\.m2\repository\com\vaadin\external\google\android-json\0.0.20131108.vaadin1\android-json-0.0.20131108.vaadin1.jar;C:\Users\24164\.m2\repository\org\springframework\spring-core\5.3.21\spring-core-5.3.21.jar;C:\Users\24164\.m2\repository\org\springframework\spring-jcl\5.3.21\spring-jcl-5.3.21.jar;C:\Users\24164\.m2\repository\org\springframework\spring-test\5.3.21\spring-test-5.3.21.jar;C:\Users\24164\.m2\repository\org\xmlunit\xmlunit-core\2.9.0\xmlunit-core-2.9.0.jar;C:\Users\24164\.m2\repository\com\baomidou\mybatis-plus-boot-starter\3.4.1\mybatis-plus-boot-starter-3.4.1.jar;C:\Users\24164\.m2\repository\com\baomidou\mybatis-plus\3.4.1\mybatis-plus-3.4.1.jar;C:\Users\24164\.m2\repository\com\baomidou\mybatis-plus-extension\3.4.1\mybatis-plus-extension-3.4.1.jar;C:\Users\24164\.m2\repository\com\baomidou\mybatis-plus-core\3.4.1\mybatis-plus-core-3.4.1.jar;C:\Users\24164\.m2\repository\com\baomidou\mybatis-plus-annotation\3.4.1\mybatis-plus-annotation-3.4.1.jar;C:\Users\24164\.m2\repository\com\github\jsqlparser\jsqlparser\3.2\jsqlparser-3.2.jar;C:\Users\24164\.m2\repository\org\mybatis\mybatis\3.5.6\mybatis-3.5.6.jar;C:\Users\24164\.m2\repository\org\mybatis\mybatis-spring\2.0.5\mybatis-spring-2.0.5.jar;C:\Users\24164\.m2\repository\org\springframework\boot\spring-boot-starter-jdbc\2.7.1\spring-boot-starter-jdbc-2.7.1.jar;C:\Users\24164\.m2\repository\com\zaxxer\HikariCP\4.0.3\HikariCP-4.0.3.jar;C:\Users\24164\.m2\repository\org\springframework\spring-jdbc\5.3.21\spring-jdbc-5.3.21.jar;C:\Users\24164\.m2\repository\com\alibaba\druid-spring-boot-starter\1.1.17\druid-spring-boot-starter-1.1.17.jar;C:\Users\24164\.m2\repository\com\alibaba\druid\1.1.17\druid-1.1.17.jar;C:\Users\24164\.m2\repository\org\springframework\boot\spring-boot-starter-actuator\2.7.1\spring-boot-starter-actuator-2.7.1.jar;C:\Users\24164\.m2\repository\org\springframework\boot\spring-boot-actuator-autoconfigure\2.7.1\spring-boot-actuator-autoconfigure-2.7.1.jar;C:\Users\24164\.m2\repository\org\springframework\boot\spring-boot-actuator\2.7.1\spring-boot-actuator-2.7.1.jar;C:\Users\24164\.m2\repository\io\micrometer\micrometer-core\1.9.1\micrometer-core-1.9.1.jar;C:\Users\24164\.m2\repository\org\hdrhistogram\HdrHistogram\2.1.12\HdrHistogram-2.1.12.jar;C:\Users\24164\.m2\repository\org\latencyutils\LatencyUtils\2.0.3\LatencyUtils-2.0.3.jar;C:\Users\24164\.m2\repository\de\codecentric\spring-boot-admin-starter-client\2.3.1\spring-boot-admin-starter-client-2.3.1.jar;C:\Users\24164\.m2\repository\de\codecentric\spring-boot-admin-client\2.3.1\spring-boot-admin-client-2.3.1.jar;C:\Users\24164\.m2\repository\org\springframework\boot\spring-boot-starter-data-redis\2.7.1\spring-boot-starter-data-redis-2.7.1.jar;C:\Users\24164\.m2\repository\org\springframework\data\spring-data-redis\2.7.1\spring-data-redis-2.7.1.jar;C:\Users\24164\.m2\repository\org\springframework\data\spring-data-keyvalue\2.7.1\spring-data-keyvalue-2.7.1.jar;C:\Users\24164\.m2\repository\org\springframework\data\spring-data-commons\2.7.1\spring-data-commons-2.7.1.jar;C:\Users\24164\.m2\repository\org\springframework\spring-tx\5.3.21\spring-tx-5.3.21.jar;C:\Users\24164\.m2\repository\org\springframework\spring-oxm\5.3.21\spring-oxm-5.3.21.jar;C:\Users\24164\.m2\repository\org\springframework\spring-context-support\5.3.21\spring-context-support-5.3.21.jar;C:\Users\24164\.m2\repository\io\lettuce\lettuce-core\6.1.8.RELEASE\lettuce-core-6.1.8.RELEASE.jar;C:\Users\24164\.m2\repository\io\netty\netty-common\4.1.78.Final\netty-common-4.1.78.Final.jar;C:\Users\24164\.m2\repository\io\netty\netty-handler\4.1.78.Final\netty-handler-4.1.78.Final.jar;C:\Users\24164\.m2\repository\io\netty\netty-resolver\4.1.78.Final\netty-resolver-4.1.78.Final.jar;C:\Users\24164\.m2\repository\io\netty\netty-buffer\4.1.78.Final\netty-buffer-4.1.78.Final.jar;C:\Users\24164\.m2\repository\io\netty\netty-transport-native-unix-common\4.1.78.Final\netty-transport-native-unix-common-4.1.78.Final.jar;C:\Users\24164\.m2\repository\io\netty\netty-codec\4.1.78.Final\netty-codec-4.1.78.Final.jar;C:\Users\24164\.m2\repository\io\netty\netty-transport\4.1.78.Final\netty-transport-4.1.78.Final.jar;C:\Users\24164\.m2\repository\io\projectreactor\reactor-core\3.4.19\reactor-core-3.4.19.jar;C:\Users\24164\.m2\repository\org\reactivestreams\reactive-streams\1.0.4\reactive-streams-1.0.4.jar;"/>
    <property name="sun.cpu.endian" value="little"/>
    <property name="user.home" value="C:\Users\24164"/>
    <property name="user.language" value="zh"/>
    <property name="java.specification.vendor" value="Oracle Corporation"/>
    <property name="java.home" value="D:\JDK\jre"/>
    <property name="basedir" value="H:\codes\java\springboot\boot-03-web-admin"/>
    <property name="file.separator" value="\"/>
    <property name="line.separator" value="&#10;"/>
    <property name="java.vm.specification.vendor" value="Oracle Corporation"/>
    <property name="java.specification.name" value="Java Platform API Specification"/>
    <property name="java.awt.graphicsenv" value="sun.awt.Win32GraphicsEnvironment"/>
    <property name="surefire.real.class.path" value="C:\Users\24164\AppData\Local\Temp\surefire585361144019380192\surefirebooter8717169634066788112.jar"/>
    <property name="sun.boot.class.path" value="D:\JDK\jre\lib\resources.jar;D:\JDK\jre\lib\rt.jar;D:\JDK\jre\lib\sunrsasign.jar;D:\JDK\jre\lib\jsse.jar;D:\JDK\jre\lib\jce.jar;D:\JDK\jre\lib\charsets.jar;D:\JDK\jre\lib\jfr.jar;D:\JDK\jre\classes"/>
    <property name="user.script" value=""/>
    <property name="sun.management.compiler" value="HotSpot 64-Bit Tiered Compilers"/>
    <property name="java.runtime.version" value="1.8.0_291-b10"/>
    <property name="user.name" value="24164"/>
    <property name="path.separator" value=";"/>
    <property name="os.version" value="10.0"/>
    <property name="java.endorsed.dirs" value="D:\JDK\jre\lib\endorsed"/>
    <property name="java.runtime.name" value="Java(TM) SE Runtime Environment"/>
    <property name="file.encoding" value="GBK"/>
    <property name="java.vm.name" value="Java HotSpot(TM) 64-Bit Server VM"/>
    <property name="localRepository" value="C:\Users\24164\.m2\repository"/>
    <property name="java.vendor.url.bug" value="http://bugreport.sun.com/bugreport/"/>
    <property name="java.io.tmpdir" value="C:\Users\24164\AppData\Local\Temp\"/>
    <property name="idea.version" value="2021.1.3"/>
    <property name="java.version" value="1.8.0_291"/>
    <property name="user.dir" value="H:\codes\java\springboot\boot-03-web-admin"/>
    <property name="os.arch" value="amd64"/>
    <property name="java.vm.specification.name" value="Java Virtual Machine Specification"/>
    <property name="java.awt.printerjob" value="sun.awt.windows.WPrinterJob"/>
    <property name="sun.os.patch.level" value=""/>
    <property name="java.library.path" value="D:\JDK\jre\bin;C:\WINDOWS\Sun\Java\bin;C:\WINDOWS\system32;C:\WINDOWS;C:\Program Files\Common Files\Oracle\Java\javapath;G:\Program Files\NVIDIA GPU Computing Toolkit\CUDA\v10.2\bin;G:\Program Files\NVIDIA GPU Computing Toolkit\CUDA\v10.2\libnvvp;D:\ProgramData\Anaconda3;D:\ProgramData\Anaconda3\Library\mingw-w64\bin;D:\ProgramData\Anaconda3\Library\usr\bin;D:\ProgramData\Anaconda3\Library\bin;D:\ProgramData\Anaconda3\Scripts;G:\Program Files\NVIDIA GPU Computing Toolkit\CUDA\v10.0\bin;G:\Program Files\NVIDIA GPU Computing Toolkit\CUDA\v10.0\libnvvp;D:\JDK\jdk1.8-hotspot\bin;C:\Program Files (x86)\Common Files\Oracle\Java\javapath;D:\Program Files (x86)\bin\;%SysetRoot%\system32;%SysetRoot%;%SysetRoot%\System32\Wbem;%SysetRoot%\System32\WindowsPowerShell\v1.0\;%SysetRoot%\System32\OpenSSH\;G:\Program Files (x86)\NVIDIA Corporation\PhysX\Common;G:\Program Files\NVIDIA Corporation\NVIDIA NvDLISR;C:\WINDOWS\system32;C:\WINDOWS;C:\WINDOWS\System32\Wbem;C:\WINDOWS\System32\WindowsPowerShell\v1.0\;C:\WINDOWS\System32\OpenSSH\;C:\Program Files\dotnet\;D:\opencv\build\x64\vc15\bin;C:\Program Files\TortoiseSVN\bin;D:\cmake\bin;D:\QT\5.14.0\msvc2017_64\bin;D:\QT\Tools\QtCreator\bin;D:\matlab\matlab r2019b\runtime\win64;D:\matlab\matlab r2019b\bin;D:\matlab\matlab r2019b\polyspace\bin;D:\JDK\jdk1.8\bin;D:\JDK\jdk1.8\jre\bin;D:\JDK\apache-maven-3.6.3.1\maven3\bin;D:\JAVA\mysql\mysql-5.7.19\bin;D:\JDK\apache-tomcat-9.0.50\bin;D:\MinGW\bin;D:\Python\Lib\site-packages\PySide2\plugins\platforms;G:\Program Files\NVIDIA Corporation\Nsight Compute 2019.5.0\;D:\Program Files (x86)\Vim\vim81;D:\Program Files\Git\cmd;D:\Program Files\nodejs\;C:\Program Files\TortoiseGit\bin;D:\Python;D:\Python\Library\mingw-w64\bin;D:\Python\Library\usr\bin;D:\Python\Library\bin;D:\Python\Scripts;C:\Users\24164\AppData\Local\Programs\Python\Python38\Scripts\;C:\Users\24164\AppData\Local\Programs\Python\Python38\;C:\Users\24164\AppData\Local\Programs\Python\Python39\Scripts\;C:\Users\24164\AppData\Local\Programs\Python\Python39\;C:\ProgramData\24164\GitHubDesktop\bin;C:\Users\24164\AppData\Local\GitHubDesktop\bin;C:\Users\24164\.dotnet\tools;%PyCharm Community Edition%;D:\JDK\IntelliJ IDEA 2021.1.3\bin;;D:\Program Files (x86)\PyCharm 2021.1.3\bin;;C:\Program Files\Bandizip\;D:\Program Files\nodejs\node_global;D:\Microsoft VS Code\bin;."/>
    <property name="java.vm.info" value="mixed mode"/>
    <property name="java.vendor" value="Oracle Corporation"/>
    <property name="java.vm.version" value="25.291-b10"/>
    <property name="java.ext.dirs" value="D:\JDK\jre\lib\ext;C:\WINDOWS\Sun\Java\lib\ext"/>
    <property name="sun.io.unicode.encoding" value="UnicodeLittle"/>
    <property name="java.class.version" value="52.0"/>
  </properties>
  <testcase name="testException" classname="com.gx.admin.Junit5Test" time="0">
    <failure message="业务逻辑居然正常运行？ ==&gt; Expected java.lang.ArithmeticException to be thrown, but nothing was thrown." type="org.opentest4j.AssertionFailedError">org.opentest4j.AssertionFailedError: 业务逻辑居然正常运行？ ==> Expected java.lang.ArithmeticException to be thrown, but nothing was thrown.
	at com.gx.admin.Junit5Test.testException(Junit5Test.java:51)
</failure>
    <system-out><![CDATA[所有测试就要开始了...
测试开始
测试结束了...
]]></system-out>
  </testcase>
  <testcase name="testTimeout" classname="com.gx.admin.Junit5Test" time="0">
    <error message="testTimeout() timed out after 500 milliseconds" type="java.util.concurrent.TimeoutException">java.util.concurrent.TimeoutException: testTimeout() timed out after 500 milliseconds
</error>
    <system-out><![CDATA[测试开始
测试结束了...
]]></system-out>
  </testcase>
  <testcase name="testFail" classname="com.gx.admin.Junit5Test" time="0"/>
  <testcase name="all" classname="com.gx.admin.Junit5Test" time="0">
    <failure message="test (1 failure)&#10;	org.opentest4j.AssertionFailedError: 结果不是1 ==&gt; expected: &lt;1&gt; but was: &lt;2&gt;" type="org.opentest4j.MultipleFailuresError"><![CDATA[org.opentest4j.MultipleFailuresError: 
test (1 failure)
	org.opentest4j.AssertionFailedError: 结果不是1 ==> expected: <1> but was: <2>
	at com.gx.admin.Junit5Test.all(Junit5Test.java:39)
]]></failure>
    <system-out><![CDATA[测试开始
测试结束了...
]]></system-out>
  </testcase>
  <testcase name="array" classname="com.gx.admin.Junit5Test" time="0.001"/>
  <testcase name="test2" classname="com.gx.admin.Junit5Test" time="0">
    <skipped message="void com.gx.admin.Junit5Test.test2() is @Disabled"/>
  </testcase>
  <testcase name="test3" classname="com.gx.admin.Junit5Test" time="0"/>
  <testcase name="test3[1]" classname="com.gx.admin.Junit5Test" time="0"/>
  <testcase name="test3[2]" classname="com.gx.admin.Junit5Test" time="0"/>
  <testcase name="test3[3]" classname="com.gx.admin.Junit5Test" time="0"/>
  <testcase name="test3[4]" classname="com.gx.admin.Junit5Test" time="0"/>
  <testcase name="test3[5]" classname="com.gx.admin.Junit5Test" time="0.001"/>
  <testcase name="testDisplayName" classname="com.gx.admin.Junit5Test" time="0"/>
  <testcase name="testSimpleAssertions" classname="com.gx.admin.Junit5Test" time="0">
    <failure message="两个对象不一样 ==&gt; expected: &lt;java.lang.Object@7c588adc&gt; but was: &lt;java.lang.Object@33ec2c0c&gt;" type="org.opentest4j.AssertionFailedError"><![CDATA[org.opentest4j.AssertionFailedError: 两个对象不一样 ==> expected: <java.lang.Object@7c588adc> but was: <java.lang.Object@33ec2c0c>
	at com.gx.admin.Junit5Test.testSimpleAssertions(Junit5Test.java:23)
]]></failure>
    <system-out><![CDATA[测试开始
测试结束了...
]]></system-out>
  </testcase>
</testsuite>